Unity Editor version:    2020.3.48f1 (b805b124c6b7)
Branch:                  2020.3/staging
Build type:              Release
Batch mode:              YES
macOS version:           Version 12.6.5 (Build 21G531)
Darwin version:          21.6.0
Architecture:            x86_64
Running under Rosetta:   NO
Available memory:        8192 MB
Using pre-set license
Pro License: NO

COMMAND LINE ARGUMENTS:
/Applications/Unity/Hub/Editor/2020.3.48f1/Unity.app/Contents/MacOS/Unity
-adb2
-batchMode
-noUpm
-name
AssetImportWorker0
-projectPath
/Users/admin/Documents/Unity 3d/Battledrons
-logFile
Logs/AssetImportWorker0.log
-srvPort
57301
Successfully changed project path to: /Users/admin/Documents/Unity 3d/Battledrons
/Users/admin/Documents/Unity 3d/Battledrons
Using Asset Import Pipeline V2.
Player connection [4759135744] Host "[IP] 192.168.0.102 [Port] 0 [Flags] 2 [Guid] 2354693999 [EditorId] 2354693999 [Version] 1048832 [Id] OSXEditor(0,MacBook-Pro.local) [Debug] 1 [PackageName] OSXEditor [ProjectName] Editor" joined multi-casting on [225.0.0.222:54997]...

Player connection [4759135744] Host "[IP] 192.168.0.102 [Port] 0 [Flags] 2 [Guid] 2354693999 [EditorId] 2354693999 [Version] 1048832 [Id] OSXEditor(0,MacBook-Pro.local) [Debug] 1 [PackageName] OSXEditor [ProjectName] Editor" joined alternative multi-casting on [225.0.0.222:34997]...

Refreshing native plugins compatible for Editor in 37.15 ms, found 2 plugins.
Preloading 0 native plugins for Editor in 0.00 ms.
Initialize engine version: 2020.3.48f1 (b805b124c6b7)
[Subsystems] Discovering subsystems at path /Applications/Unity/Hub/Editor/2020.3.48f1/Unity.app/Contents/Resources/UnitySubsystems
[Subsystems] Discovering subsystems at path /Users/admin/Documents/Unity 3d/Battledrons/Assets
GfxDevice: creating device client; threaded=0
2024-05-09 13:58:47.175 Unity[25529:1464267] Color LCD preferred device: Intel(R) Iris(TM) Plus Graphics 640 (low power)
2024-05-09 13:58:47.176 Unity[25529:1464267] Metal devices available: 1
2024-05-09 13:58:47.176 Unity[25529:1464267] 0: Intel(R) Iris(TM) Plus Graphics 640 (low power)
2024-05-09 13:58:47.176 Unity[25529:1464267] Using device Intel(R) Iris(TM) Plus Graphics 640 (low power)
Initializing Metal device caps: Intel(R) Iris(TM) Plus Graphics 640
Initialize mono
Mono path[0] = '/Applications/Unity/Hub/Editor/2020.3.48f1/Unity.app/Contents/Managed'
Mono path[1] = '/Applications/Unity/Hub/Editor/2020.3.48f1/Unity.app/Contents/MonoBleedingEdge/lib/mono/unityjit'
Mono config path = '/Applications/Unity/Hub/Editor/2020.3.48f1/Unity.app/Contents/MonoBleedingEdge/etc'
Using monoOptions --debugger-agent=transport=dt_socket,embedding=1,server=y,suspend=n,address=127.0.0.1:56529
Begin MonoManager ReloadAssembly
Registering precompiled unity dll's ...
Register platform support module: /Applications/Unity/Hub/Editor/2020.3.48f1/PlaybackEngines/WebGLSupport/UnityEditor.WebGL.Extensions.dll
Register platform support module: /Applications/Unity/Hub/Editor/2020.3.48f1/Unity.app/Contents/PlaybackEngines/MacStandaloneSupport/UnityEditor.OSXStandalone.Extensions.dll
Registered in 0.004369 seconds.
Native extension for OSXStandalone target not found
Native extension for WebGL target not found
Refreshing native plugins compatible for Editor in 29.03 ms, found 2 plugins.
Preloading 0 native plugins for Editor in 0.00 ms.
Mono: successfully reloaded assembly
- Completed reload, in  0.811 seconds
Domain Reload Profiling:
	ReloadAssembly (811ms)
		BeginReloadAssembly (107ms)
			ExecutionOrderSort (0ms)
			DisableScriptedObjects (0ms)
			BackupInstance (0ms)
			ReleaseScriptingObjects (0ms)
			CreateAndSetChildDomain (1ms)
		EndReloadAssembly (612ms)
			LoadAssemblies (108ms)
			RebuildTransferFunctionScriptingTraits (0ms)
			SetupTypeCache (232ms)
			ReleaseScriptCaches (0ms)
			RebuildScriptCaches (49ms)
			SetupLoadedEditorAssemblies (222ms)
				LogAssemblyErrors (0ms)
				InitializePlatformSupportModulesInManaged (7ms)
				SetLoadedEditorAssemblies (0ms)
				RefreshPlugins (29ms)
				BeforeProcessingInitializeOnLoad (12ms)
				ProcessInitializeOnLoadAttributes (134ms)
				ProcessInitializeOnLoadMethodAttributes (40ms)
				AfterProcessingInitializeOnLoad (0ms)
				EditorAssembliesLoaded (0ms)
			ExecutionOrderSort2 (0ms)
			AwakeInstancesAfterBackupRestoration (0ms)
Platform modules already initialized, skipping
Registering precompiled user dll's ...
Registered in 0.004590 seconds.
Begin MonoManager ReloadAssembly
Native extension for OSXStandalone target not found
Native extension for WebGL target not found
Refreshing native plugins compatible for Editor in 0.33 ms, found 2 plugins.
Preloading 0 native plugins for Editor in 0.00 ms.
Mono: successfully reloaded assembly
- Completed reload, in  1.300 seconds
Domain Reload Profiling:
	ReloadAssembly (1303ms)
		BeginReloadAssembly (188ms)
			ExecutionOrderSort (0ms)
			DisableScriptedObjects (6ms)
			BackupInstance (0ms)
			ReleaseScriptingObjects (0ms)
			CreateAndSetChildDomain (43ms)
		EndReloadAssembly (1039ms)
			LoadAssemblies (121ms)
			RebuildTransferFunctionScriptingTraits (0ms)
			SetupTypeCache (384ms)
			ReleaseScriptCaches (0ms)
			RebuildScriptCaches (64ms)
			SetupLoadedEditorAssemblies (354ms)
				LogAssemblyErrors (0ms)
				InitializePlatformSupportModulesInManaged (6ms)
				SetLoadedEditorAssemblies (1ms)
				RefreshPlugins (0ms)
				BeforeProcessingInitializeOnLoad (74ms)
				ProcessInitializeOnLoadAttributes (261ms)
				ProcessInitializeOnLoadMethodAttributes (10ms)
				AfterProcessingInitializeOnLoad (1ms)
				EditorAssembliesLoaded (0ms)
			ExecutionOrderSort2 (0ms)
			AwakeInstancesAfterBackupRestoration (2ms)
Platform modules already initialized, skipping
Validating Project structure ... 0.000149 seconds.
Shader import version has changed; will reimport all shaders...
Upgrading shader files ...0.000194 seconds.
Application.AssetDatabase Initial Script Refresh Start
RefreshInfo: InitialScriptRefreshV2(NoUpdateAssetOptions) scanfilter:  ... 1 filters
RefreshProfiler: Total: 0.000ms
Application.AssetDatabase Initial Script Refresh End
Application.AssetDatabase.Refresh Start
Application.AssetDatabase.Refresh End
RefreshInfo: StopAssetImportingV2(ForceSynchronousImport) scanfilter: 
RefreshProfiler: Total: 0.000ms
Launching external process: /Applications/Unity/Hub/Editor/2020.3.48f1/Unity.app/Contents/Tools/UnityShaderCompiler
Launched and connected shader compiler UnityShaderCompiler after 0.02 seconds
Initializing Unity extensions:
2024-05-09 13:58:50.973 Unity[25529:1464267] NSEventModifierFlagFunction specified to -setKeyEquivalentModifierMask: for item <NSMenuItem: 0x7f9f850227f0 Font Asset, ke='Command-F12'>, but is only supported for system-provided menu items; will not be used
2024-05-09 13:58:50.977 Unity[25529:1464267] NSEventModifierFlagFunction specified to -setKeyEquivalentModifierMask: for item <NSMenuItem: 0x7f9f83eb9540 Font Asset, ke='Command-F12'>, but is only supported for system-provided menu items; will not be used
========================================================================
Worker process is ready to serve import requests
Refreshing native plugins compatible for Editor in 0.30 ms, found 2 plugins.
Preloading 0 native plugins for Editor in 0.00 ms.
Unloading 1319 Unused Serialized files (Serialized files now loaded: 0)
System memory in use before: 79.5 MB.
System memory in use after: 78.8 MB.

Unloading 77 unused Assets to reduce memory usage. Loaded Objects now: 1795.
Total: 4.662599 ms (FindLiveObjects: 0.231562 ms CreateObjectMapping: 0.096453 ms MarkObjects: 3.689769 ms  DeleteObjects: 0.643797 ms)

AssetImportParameters requested are different than current active one (requested -> active):
  custom:video-decoder-ogg-theora: a1e56fd34408186e4bbccfd4996cb3dc -> 
  custom:container-muxer-webm: aa71ff27fc2769a1b78a27578f13a17b -> 
  custom:container-demuxer-webm: 4f35f7cbe854078d1ac9338744f61a02 -> 
  custom:container-demuxer-ogg: 62fdf1f143b41e24485cea50d1cbac27 -> 
  custom:video-encoder-webm-vp8: eb34c28f22e8b96e1ab97ce403110664 -> 
  custom:framework-osx-AVFoundation: e770b220cccbd017edd2c1fefb359320 -> 
  custom:video-decoder-webm-vp8: 9c59270c3fd7afecdb556c50c9e8de78 -> 
  custom:audio-decoder-ogg-vorbis: bf7c407c2cedff20999df2af8eb42d56 -> 
  custom:audio-encoder-webm-vorbis: bf7c407c2cedff20999df2af8eb42d56 -> 
========================================================================
Received Import Request.
  path: Assets/Prefabs
  artifactKey: Guid(96391b06973734aef983be09fab8b6f0) Importer(815301076,1909f56bfc062723c751e8b465ee728b)
Start importing Assets/Prefabs using Guid(96391b06973734aef983be09fab8b6f0) Importer(815301076,1909f56bfc062723c751e8b465ee728b)  -> (artifact id: 'de3e46cfd0bd65e25abfc451fcfbfe3f') in 0.005872 seconds 
========================================================================
Received Import Request.
  Time since last request: 2.816970 seconds.
  path: Assets/Prefabs/Tile.prefab
  artifactKey: Guid(6f781c2fb6aa34ef08d3eba42a35c8f2) Importer(815301076,1909f56bfc062723c751e8b465ee728b)
Start importing Assets/Prefabs/Tile.prefab using Guid(6f781c2fb6aa34ef08d3eba42a35c8f2) Importer(815301076,1909f56bfc062723c751e8b465ee728b)  -> (artifact id: '7c4ce016d16d92ecc57941e0db413b6a') in 1.089528 seconds 
========================================================================
Received Prepare
Registering precompiled user dll's ...
Registered in 0.004620 seconds.
Begin MonoManager ReloadAssembly
Native extension for OSXStandalone target not found
Native extension for WebGL target not found
Refreshing native plugins compatible for Editor in 0.35 ms, found 2 plugins.
Preloading 0 native plugins for Editor in 0.00 ms.
2024-05-09 14:10:38.884 Unity[25529:1464267] NSEventModifierFlagFunction specified to -setKeyEquivalentModifierMask: for item <NSMenuItem: 0x7f9f81721040 Font Asset, ke='Command-F12'>, but is only supported for system-provided menu items; will not be used
Mono: successfully reloaded assembly
- Completed reload, in  2.071 seconds
Domain Reload Profiling:
	ReloadAssembly (2075ms)
		BeginReloadAssembly (466ms)
			ExecutionOrderSort (0ms)
			DisableScriptedObjects (31ms)
			BackupInstance (0ms)
			ReleaseScriptingObjects (1ms)
			CreateAndSetChildDomain (258ms)
		EndReloadAssembly (1497ms)
			LoadAssemblies (154ms)
			RebuildTransferFunctionScriptingTraits (0ms)
			SetupTypeCache (558ms)
			ReleaseScriptCaches (1ms)
			RebuildScriptCaches (87ms)
			SetupLoadedEditorAssemblies (558ms)
				LogAssemblyErrors (0ms)
				InitializePlatformSupportModulesInManaged (11ms)
				SetLoadedEditorAssemblies (1ms)
				RefreshPlugins (0ms)
				BeforeProcessingInitializeOnLoad (176ms)
				ProcessInitializeOnLoadAttributes (350ms)
				ProcessInitializeOnLoadMethodAttributes (19ms)
				AfterProcessingInitializeOnLoad (1ms)
				EditorAssembliesLoaded (0ms)
			ExecutionOrderSort2 (0ms)
			AwakeInstancesAfterBackupRestoration (4ms)
Platform modules already initialized, skipping
Refreshing native plugins compatible for Editor in 0.39 ms, found 2 plugins.
Preloading 0 native plugins for Editor in 0.00 ms.
Unloading 1313 Unused Serialized files (Serialized files now loaded: 0)
System memory in use before: 81.4 MB.
System memory in use after: 81.5 MB.

Unloading 13 unused Assets to reduce memory usage. Loaded Objects now: 1808.
Total: 4.378542 ms (FindLiveObjects: 0.355428 ms CreateObjectMapping: 0.152410 ms MarkObjects: 3.799799 ms  DeleteObjects: 0.069580 ms)

AssetImportParameters requested are different than current active one (requested -> active):
  custom:video-decoder-ogg-theora: a1e56fd34408186e4bbccfd4996cb3dc -> 
  custom:container-muxer-webm: aa71ff27fc2769a1b78a27578f13a17b -> 
  custom:container-demuxer-webm: 4f35f7cbe854078d1ac9338744f61a02 -> 
  custom:container-demuxer-ogg: 62fdf1f143b41e24485cea50d1cbac27 -> 
  custom:video-encoder-webm-vp8: eb34c28f22e8b96e1ab97ce403110664 -> 
  custom:framework-osx-AVFoundation: e770b220cccbd017edd2c1fefb359320 -> 
  custom:video-decoder-webm-vp8: 9c59270c3fd7afecdb556c50c9e8de78 -> 
  custom:audio-decoder-ogg-vorbis: bf7c407c2cedff20999df2af8eb42d56 -> 
  custom:audio-encoder-webm-vorbis: bf7c407c2cedff20999df2af8eb42d56 -> 
========================================================================
Received Import Request.
  Time since last request: 704.798412 seconds.
  path: Assets/Scripts
  artifactKey: Guid(d54bf3946973e4950a67413853b0e100) Importer(815301076,1909f56bfc062723c751e8b465ee728b)
Start importing Assets/Scripts using Guid(d54bf3946973e4950a67413853b0e100) Importer(815301076,1909f56bfc062723c751e8b465ee728b)  -> (artifact id: '89c6451eddea70078933061b8d282a40') in 0.007216 seconds 
========================================================================
Received Prepare
Registering precompiled user dll's ...
Registered in 0.001339 seconds.
Begin MonoManager ReloadAssembly
Native extension for OSXStandalone target not found
Native extension for WebGL target not found
Refreshing native plugins compatible for Editor in 0.35 ms, found 2 plugins.
Preloading 0 native plugins for Editor in 0.00 ms.
2024-05-09 14:10:46.981 Unity[25529:1464267] NSEventModifierFlagFunction specified to -setKeyEquivalentModifierMask: for item <NSMenuItem: 0x7f9f81997660 Font Asset, ke='Command-F12'>, but is only supported for system-provided menu items; will not be used
Mono: successfully reloaded assembly
- Completed reload, in  1.867 seconds
Domain Reload Profiling:
	ReloadAssembly (1868ms)
		BeginReloadAssembly (202ms)
			ExecutionOrderSort (0ms)
			DisableScriptedObjects (8ms)
			BackupInstance (0ms)
			ReleaseScriptingObjects (0ms)
			CreateAndSetChildDomain (94ms)
		EndReloadAssembly (1552ms)
			LoadAssemblies (137ms)
			RebuildTransferFunctionScriptingTraits (0ms)
			SetupTypeCache (638ms)
			ReleaseScriptCaches (1ms)
			RebuildScriptCaches (79ms)
			SetupLoadedEditorAssemblies (535ms)
				LogAssemblyErrors (0ms)
				InitializePlatformSupportModulesInManaged (12ms)
				SetLoadedEditorAssemblies (1ms)
				RefreshPlugins (0ms)
				BeforeProcessingInitializeOnLoad (173ms)
				ProcessInitializeOnLoadAttributes (332ms)
				ProcessInitializeOnLoadMethodAttributes (15ms)
				AfterProcessingInitializeOnLoad (1ms)
				EditorAssembliesLoaded (0ms)
			ExecutionOrderSort2 (0ms)
			AwakeInstancesAfterBackupRestoration (4ms)
Platform modules already initialized, skipping
Refreshing native plugins compatible for Editor in 0.35 ms, found 2 plugins.
Preloading 0 native plugins for Editor in 0.00 ms.
Unloading 1313 Unused Serialized files (Serialized files now loaded: 0)
System memory in use before: 81.5 MB.
System memory in use after: 81.6 MB.

Unloading 11 unused Assets to reduce memory usage. Loaded Objects now: 1811.
Total: 4.219002 ms (FindLiveObjects: 0.143827 ms CreateObjectMapping: 0.053716 ms MarkObjects: 3.993596 ms  DeleteObjects: 0.026891 ms)

AssetImportParameters requested are different than current active one (requested -> active):
  custom:video-decoder-ogg-theora: a1e56fd34408186e4bbccfd4996cb3dc -> 
  custom:container-muxer-webm: aa71ff27fc2769a1b78a27578f13a17b -> 
  custom:container-demuxer-webm: 4f35f7cbe854078d1ac9338744f61a02 -> 
  custom:container-demuxer-ogg: 62fdf1f143b41e24485cea50d1cbac27 -> 
  custom:video-encoder-webm-vp8: eb34c28f22e8b96e1ab97ce403110664 -> 
  custom:framework-osx-AVFoundation: e770b220cccbd017edd2c1fefb359320 -> 
  custom:video-decoder-webm-vp8: 9c59270c3fd7afecdb556c50c9e8de78 -> 
  custom:audio-decoder-ogg-vorbis: bf7c407c2cedff20999df2af8eb42d56 -> 
  custom:audio-encoder-webm-vorbis: bf7c407c2cedff20999df2af8eb42d56 -> 
========================================================================
Received Import Request.
  Time since last request: 41.119452 seconds.
  path: Assets/Scenes
  artifactKey: Guid(04f0f1721fa6d46d584d91278a58d92f) Importer(815301076,1909f56bfc062723c751e8b465ee728b)
Start importing Assets/Scenes using Guid(04f0f1721fa6d46d584d91278a58d92f) Importer(815301076,1909f56bfc062723c751e8b465ee728b)  -> (artifact id: '97653e35a08d6bde6c6325daa0128b1b') in 0.013519 seconds 
========================================================================
Received Import Request.
  Time since last request: 0.782077 seconds.
  path: Assets/Scenes/SampleScene.unity
  artifactKey: Guid(9fc0d4010bbf28b4594072e72b8655ab) Importer(815301076,1909f56bfc062723c751e8b465ee728b)
Start importing Assets/Scenes/SampleScene.unity using Guid(9fc0d4010bbf28b4594072e72b8655ab) Importer(815301076,1909f56bfc062723c751e8b465ee728b)  -> (artifact id: '08c67d90267b21adf74aa59f38963dc2') in 0.002693 seconds 
========================================================================
Received Import Request.
  Time since last request: 3.463140 seconds.
  path: Assets/Prefabs/Tile.prefab
  artifactKey: Guid(6f781c2fb6aa34ef08d3eba42a35c8f2) Importer(815301076,1909f56bfc062723c751e8b465ee728b)
Start importing Assets/Prefabs/Tile.prefab using Guid(6f781c2fb6aa34ef08d3eba42a35c8f2) Importer(815301076,1909f56bfc062723c751e8b465ee728b)  -> (artifact id: '581fcb434f550d3eb3b3e018c7ccccf9') in 0.167437 seconds 
========================================================================
Received Import Request.
  Time since last request: 4.883495 seconds.
  path: Assets/Prefabs/Tile.prefab
  artifactKey: Guid(6f781c2fb6aa34ef08d3eba42a35c8f2) Importer(815301076,1909f56bfc062723c751e8b465ee728b)
Start importing Assets/Prefabs/Tile.prefab using Guid(6f781c2fb6aa34ef08d3eba42a35c8f2) Importer(815301076,1909f56bfc062723c751e8b465ee728b)  -> (artifact id: 'e819b07f3cc9f920f2307016f5ad0535') in 0.029407 seconds 
========================================================================
Received Import Request.
  Time since last request: 14.611429 seconds.
  path: Assets/Prefabs/Tile.prefab
  artifactKey: Guid(6f781c2fb6aa34ef08d3eba42a35c8f2) Importer(815301076,1909f56bfc062723c751e8b465ee728b)
Start importing Assets/Prefabs/Tile.prefab using Guid(6f781c2fb6aa34ef08d3eba42a35c8f2) Importer(815301076,1909f56bfc062723c751e8b465ee728b)  -> (artifact id: '50a8b987f67c50140ba50a2c17fd574b') in 0.037212 seconds 
========================================================================
Received Import Request.
  Time since last request: 17.632097 seconds.
  path: Assets/Prefabs/Tile.prefab
  artifactKey: Guid(6f781c2fb6aa34ef08d3eba42a35c8f2) Importer(815301076,1909f56bfc062723c751e8b465ee728b)
Start importing Assets/Prefabs/Tile.prefab using Guid(6f781c2fb6aa34ef08d3eba42a35c8f2) Importer(815301076,1909f56bfc062723c751e8b465ee728b)  -> (artifact id: 'e0e059e25e7a963fd48e2627370ff26f') in 0.033618 seconds 
========================================================================
Received Import Request.
  Time since last request: 1.592232 seconds.
  path: Assets/Prefabs/Tile.prefab
  artifactKey: Guid(6f781c2fb6aa34ef08d3eba42a35c8f2) Importer(815301076,1909f56bfc062723c751e8b465ee728b)
Start importing Assets/Prefabs/Tile.prefab using Guid(6f781c2fb6aa34ef08d3eba42a35c8f2) Importer(815301076,1909f56bfc062723c751e8b465ee728b)  -> (artifact id: '6b3a3ecf842626d01db8706adaae37c0') in 0.035703 seconds 
========================================================================
Received Import Request.
  Time since last request: 1.505823 seconds.
  path: Assets/Prefabs/Tile.prefab
  artifactKey: Guid(6f781c2fb6aa34ef08d3eba42a35c8f2) Importer(815301076,1909f56bfc062723c751e8b465ee728b)
Start importing Assets/Prefabs/Tile.prefab using Guid(6f781c2fb6aa34ef08d3eba42a35c8f2) Importer(815301076,1909f56bfc062723c751e8b465ee728b)  -> (artifact id: 'd599c4f75174dedce6330a2b9a9f1e84') in 0.039574 seconds 
========================================================================
Received Import Request.
  Time since last request: 15.328021 seconds.
  path: Assets/Prefabs/Tile.prefab
  artifactKey: Guid(6f781c2fb6aa34ef08d3eba42a35c8f2) Importer(815301076,1909f56bfc062723c751e8b465ee728b)
Start importing Assets/Prefabs/Tile.prefab using Guid(6f781c2fb6aa34ef08d3eba42a35c8f2) Importer(815301076,1909f56bfc062723c751e8b465ee728b)  -> (artifact id: 'a9c24de3514f56e49b654225ff3f4d2e') in 0.083710 seconds 
========================================================================
Received Import Request.
  Time since last request: 1.594981 seconds.
  path: Assets/Prefabs/Tile.prefab
  artifactKey: Guid(6f781c2fb6aa34ef08d3eba42a35c8f2) Importer(815301076,1909f56bfc062723c751e8b465ee728b)
Start importing Assets/Prefabs/Tile.prefab using Guid(6f781c2fb6aa34ef08d3eba42a35c8f2) Importer(815301076,1909f56bfc062723c751e8b465ee728b)  -> (artifact id: '7186d286ff3e85ac998b08c54b5a4d8c') in 0.026467 seconds 
========================================================================
Received Import Request.
  Time since last request: 1.774681 seconds.
  path: Assets/Prefabs/Tile.prefab
  artifactKey: Guid(6f781c2fb6aa34ef08d3eba42a35c8f2) Importer(815301076,1909f56bfc062723c751e8b465ee728b)
Start importing Assets/Prefabs/Tile.prefab using Guid(6f781c2fb6aa34ef08d3eba42a35c8f2) Importer(815301076,1909f56bfc062723c751e8b465ee728b)  -> (artifact id: '9052641e3adfcf8503220cbeefd2b1f9') in 0.023894 seconds 
========================================================================
Received Import Request.
  Time since last request: 2.188555 seconds.
  path: Assets/Prefabs/Tile.prefab
  artifactKey: Guid(6f781c2fb6aa34ef08d3eba42a35c8f2) Importer(815301076,1909f56bfc062723c751e8b465ee728b)
Start importing Assets/Prefabs/Tile.prefab using Guid(6f781c2fb6aa34ef08d3eba42a35c8f2) Importer(815301076,1909f56bfc062723c751e8b465ee728b)  -> (artifact id: '0c93edf27089b3086c7c71c0a8f66597') in 0.016163 seconds 
========================================================================
Received Import Request.
  Time since last request: 18.123990 seconds.
  path: Assets/Prefabs/Tile.prefab
  artifactKey: Guid(6f781c2fb6aa34ef08d3eba42a35c8f2) Importer(815301076,1909f56bfc062723c751e8b465ee728b)
Start importing Assets/Prefabs/Tile.prefab using Guid(6f781c2fb6aa34ef08d3eba42a35c8f2) Importer(815301076,1909f56bfc062723c751e8b465ee728b)  -> (artifact id: 'af06b5f225043c226d40b4e90fcd26f8') in 0.033208 seconds 
========================================================================
Received Import Request.
  Time since last request: 8.493817 seconds.
  path: Assets/Prefabs/Tile.prefab
  artifactKey: Guid(6f781c2fb6aa34ef08d3eba42a35c8f2) Importer(815301076,1909f56bfc062723c751e8b465ee728b)
Start importing Assets/Prefabs/Tile.prefab using Guid(6f781c2fb6aa34ef08d3eba42a35c8f2) Importer(815301076,1909f56bfc062723c751e8b465ee728b)  -> (artifact id: '6393859393a89cb9c689e919601e717e') in 0.313289 seconds 
========================================================================
Received Import Request.
  Time since last request: 19.868255 seconds.
  path: Assets/Prefabs/Tile.prefab
  artifactKey: Guid(6f781c2fb6aa34ef08d3eba42a35c8f2) Importer(815301076,1909f56bfc062723c751e8b465ee728b)
Start importing Assets/Prefabs/Tile.prefab using Guid(6f781c2fb6aa34ef08d3eba42a35c8f2) Importer(815301076,1909f56bfc062723c751e8b465ee728b)  -> (artifact id: 'a5e0c5de03caa7d2d9f78f8810e69312') in 0.167029 seconds 
========================================================================
Received Import Request.
  Time since last request: 7.044437 seconds.
  path: Assets/Prefabs/Tile.prefab
  artifactKey: Guid(6f781c2fb6aa34ef08d3eba42a35c8f2) Importer(815301076,1909f56bfc062723c751e8b465ee728b)
Start importing Assets/Prefabs/Tile.prefab using Guid(6f781c2fb6aa34ef08d3eba42a35c8f2) Importer(815301076,1909f56bfc062723c751e8b465ee728b)  -> (artifact id: 'a7e12b9887e46368efd83d27ae5b2f97') in 0.082597 seconds 
========================================================================
Received Import Request.
  Time since last request: 8.460271 seconds.
  path: Assets/Prefabs/Tile.prefab
  artifactKey: Guid(6f781c2fb6aa34ef08d3eba42a35c8f2) Importer(815301076,1909f56bfc062723c751e8b465ee728b)
Start importing Assets/Prefabs/Tile.prefab using Guid(6f781c2fb6aa34ef08d3eba42a35c8f2) Importer(815301076,1909f56bfc062723c751e8b465ee728b)  -> (artifact id: '21faf7182632fc8922a1b6d5c573a3b3') in 0.055463 seconds 
========================================================================
Received Import Request.
  Time since last request: 3.798691 seconds.
  path: Assets/Prefabs/Tile.prefab
  artifactKey: Guid(6f781c2fb6aa34ef08d3eba42a35c8f2) Importer(815301076,1909f56bfc062723c751e8b465ee728b)
Start importing Assets/Prefabs/Tile.prefab using Guid(6f781c2fb6aa34ef08d3eba42a35c8f2) Importer(815301076,1909f56bfc062723c751e8b465ee728b)  -> (artifact id: 'c02a6755dd6369c97f647572513efdae') in 0.043501 seconds 
========================================================================
Received Import Request.
  Time since last request: 95.298860 seconds.
  path: Assets/Prefabs/Tile.prefab
  artifactKey: Guid(6f781c2fb6aa34ef08d3eba42a35c8f2) Importer(815301076,1909f56bfc062723c751e8b465ee728b)
Start importing Assets/Prefabs/Tile.prefab using Guid(6f781c2fb6aa34ef08d3eba42a35c8f2) Importer(815301076,1909f56bfc062723c751e8b465ee728b)  -> (artifact id: 'ba1659c322220043f450a5a754d9836e') in 0.120919 seconds 
========================================================================
Received Import Request.
  Time since last request: 1.622392 seconds.
  path: Assets/Prefabs/Tile.prefab
  artifactKey: Guid(6f781c2fb6aa34ef08d3eba42a35c8f2) Importer(815301076,1909f56bfc062723c751e8b465ee728b)
Start importing Assets/Prefabs/Tile.prefab using Guid(6f781c2fb6aa34ef08d3eba42a35c8f2) Importer(815301076,1909f56bfc062723c751e8b465ee728b)  -> (artifact id: '3aa304c9e3af9599d82b50691dfbde4a') in 0.072333 seconds 
========================================================================
Received Import Request.
  Time since last request: 6.425689 seconds.
  path: Assets/Prefabs/Tile.prefab
  artifactKey: Guid(6f781c2fb6aa34ef08d3eba42a35c8f2) Importer(815301076,1909f56bfc062723c751e8b465ee728b)
Start importing Assets/Prefabs/Tile.prefab using Guid(6f781c2fb6aa34ef08d3eba42a35c8f2) Importer(815301076,1909f56bfc062723c751e8b465ee728b)  -> (artifact id: 'aecaf12dba4534b983d1280425c4806b') in 0.083597 seconds 
========================================================================
Received Import Request.
  Time since last request: 2.207031 seconds.
  path: Assets/Prefabs/Tile.prefab
  artifactKey: Guid(6f781c2fb6aa34ef08d3eba42a35c8f2) Importer(815301076,1909f56bfc062723c751e8b465ee728b)
Start importing Assets/Prefabs/Tile.prefab using Guid(6f781c2fb6aa34ef08d3eba42a35c8f2) Importer(815301076,1909f56bfc062723c751e8b465ee728b)  -> (artifact id: 'b10b56f74915ccd1f2d404b7d7d800e9') in 0.051480 seconds 
========================================================================
Received Import Request.
  Time since last request: 0.339460 seconds.
  path: Assets/Prefabs/Tile.prefab
  artifactKey: Guid(6f781c2fb6aa34ef08d3eba42a35c8f2) Importer(815301076,1909f56bfc062723c751e8b465ee728b)
Start importing Assets/Prefabs/Tile.prefab using Guid(6f781c2fb6aa34ef08d3eba42a35c8f2) Importer(815301076,1909f56bfc062723c751e8b465ee728b)  -> (artifact id: '1bb3cda761c316b28e348d6bd7fb3ddd') in 0.051949 seconds 
========================================================================
Received Import Request.
  Time since last request: 2.786029 seconds.
  path: Assets/Prefabs/Tile.prefab
  artifactKey: Guid(6f781c2fb6aa34ef08d3eba42a35c8f2) Importer(815301076,1909f56bfc062723c751e8b465ee728b)
Start importing Assets/Prefabs/Tile.prefab using Guid(6f781c2fb6aa34ef08d3eba42a35c8f2) Importer(815301076,1909f56bfc062723c751e8b465ee728b)  -> (artifact id: 'dac15186876c522a79b2a882c9a117e6') in 0.148855 seconds 
========================================================================
Received Import Request.
  Time since last request: 1.289347 seconds.
  path: Assets/Prefabs/Tile.prefab
  artifactKey: Guid(6f781c2fb6aa34ef08d3eba42a35c8f2) Importer(815301076,1909f56bfc062723c751e8b465ee728b)
Start importing Assets/Prefabs/Tile.prefab using Guid(6f781c2fb6aa34ef08d3eba42a35c8f2) Importer(815301076,1909f56bfc062723c751e8b465ee728b)  -> (artifact id: 'a0ad69c2c222a54cf10cadd968346f0a') in 0.065731 seconds 
========================================================================
Received Import Request.
  Time since last request: 2.939520 seconds.
  path: Assets/Prefabs/Tile.prefab
  artifactKey: Guid(6f781c2fb6aa34ef08d3eba42a35c8f2) Importer(815301076,1909f56bfc062723c751e8b465ee728b)
Start importing Assets/Prefabs/Tile.prefab using Guid(6f781c2fb6aa34ef08d3eba42a35c8f2) Importer(815301076,1909f56bfc062723c751e8b465ee728b)  -> (artifact id: 'a8cbc41b9dbd4abe916962fe4a628330') in 0.057939 seconds 
========================================================================
Received Import Request.
  Time since last request: 4.810280 seconds.
  path: Assets/Prefabs/Tile.prefab
  artifactKey: Guid(6f781c2fb6aa34ef08d3eba42a35c8f2) Importer(815301076,1909f56bfc062723c751e8b465ee728b)
Start importing Assets/Prefabs/Tile.prefab using Guid(6f781c2fb6aa34ef08d3eba42a35c8f2) Importer(815301076,1909f56bfc062723c751e8b465ee728b)  -> (artifact id: 'fa0aa5ccd1d760ca7646daed9a12fe03') in 0.066685 seconds 
========================================================================
Received Import Request.
  Time since last request: 28.355640 seconds.
  path: Assets/Prefabs/Tile.prefab
  artifactKey: Guid(6f781c2fb6aa34ef08d3eba42a35c8f2) Importer(815301076,1909f56bfc062723c751e8b465ee728b)
Start importing Assets/Prefabs/Tile.prefab using Guid(6f781c2fb6aa34ef08d3eba42a35c8f2) Importer(815301076,1909f56bfc062723c751e8b465ee728b)  -> (artifact id: 'c2ca2fe35663710a61b68a59eaf2107a') in 0.085526 seconds 
========================================================================
Received Import Request.
  Time since last request: 8263.255423 seconds.
  path: Assets/Material
  artifactKey: Guid(872d10182f4b649e3922ed097a8fe575) Importer(815301076,1909f56bfc062723c751e8b465ee728b)
Start importing Assets/Material using Guid(872d10182f4b649e3922ed097a8fe575) Importer(815301076,1909f56bfc062723c751e8b465ee728b)  -> (artifact id: '2166fe50af2cb781c3a3ab7559b18a28') in 0.042178 seconds 
========================================================================
Received Import Request.
  Time since last request: 6.155497 seconds.
  path: Assets/Material/Tile Material.mat
  artifactKey: Guid(aa63d65869ffc4db8b3fef876713a4c0) Importer(815301076,1909f56bfc062723c751e8b465ee728b)
Start importing Assets/Material/Tile Material.mat using Guid(aa63d65869ffc4db8b3fef876713a4c0) Importer(815301076,1909f56bfc062723c751e8b465ee728b)  -> (artifact id: '030d6ae6c74742aa7546ef50f9762669') in 1.062051 seconds 
========================================================================
Received Import Request.
  Time since last request: 84.119672 seconds.
  path: Assets/Material/Tile Material.mat
  artifactKey: Guid(aa63d65869ffc4db8b3fef876713a4c0) Importer(815301076,1909f56bfc062723c751e8b465ee728b)
Start importing Assets/Material/Tile Material.mat using Guid(aa63d65869ffc4db8b3fef876713a4c0) Importer(815301076,1909f56bfc062723c751e8b465ee728b)  -> (artifact id: 'e0ddd2ee8be85c45e54555ef4ac714a6') in 0.060892 seconds 
========================================================================
Received Import Request.
  Time since last request: 10.594507 seconds.
  path: Assets/Material/Tile Material.mat
  artifactKey: Guid(aa63d65869ffc4db8b3fef876713a4c0) Importer(815301076,1909f56bfc062723c751e8b465ee728b)
Start importing Assets/Material/Tile Material.mat using Guid(aa63d65869ffc4db8b3fef876713a4c0) Importer(815301076,1909f56bfc062723c751e8b465ee728b)  -> (artifact id: '072b728e1b094364d9833b2407dd1c3e') in 0.040634 seconds 
========================================================================
Received Import Request.
  Time since last request: 2.749545 seconds.
  path: Assets/Material/Tile Material.mat
  artifactKey: Guid(aa63d65869ffc4db8b3fef876713a4c0) Importer(815301076,1909f56bfc062723c751e8b465ee728b)
Start importing Assets/Material/Tile Material.mat using Guid(aa63d65869ffc4db8b3fef876713a4c0) Importer(815301076,1909f56bfc062723c751e8b465ee728b)  -> (artifact id: 'ef8b9ec62c6c9c91d8e247dd4c7b652e') in 0.027500 seconds 
========================================================================
Received Import Request.
  Time since last request: 30.298489 seconds.
  path: Assets/Material/Tile Material.mat
  artifactKey: Guid(aa63d65869ffc4db8b3fef876713a4c0) Importer(815301076,1909f56bfc062723c751e8b465ee728b)
Start importing Assets/Material/Tile Material.mat using Guid(aa63d65869ffc4db8b3fef876713a4c0) Importer(815301076,1909f56bfc062723c751e8b465ee728b)  -> (artifact id: '5981062bf10e7e13766990c932bbd48d') in 0.032710 seconds 
========================================================================
Received Import Request.
  Time since last request: 1.900104 seconds.
  path: Assets/Material/Tile Material.mat
  artifactKey: Guid(aa63d65869ffc4db8b3fef876713a4c0) Importer(815301076,1909f56bfc062723c751e8b465ee728b)
Start importing Assets/Material/Tile Material.mat using Guid(aa63d65869ffc4db8b3fef876713a4c0) Importer(815301076,1909f56bfc062723c751e8b465ee728b)  -> (artifact id: '4b0b02413b3e6e49cd7863bbf13c5f4a') in 0.023381 seconds 
========================================================================
Received Import Request.
  Time since last request: 11.400894 seconds.
  path: Assets/Scripts/TileScript.cs
  artifactKey: Guid(f4ba222b2109948c18cfeb65d95ab828) Importer(815301076,1909f56bfc062723c751e8b465ee728b)
Start importing Assets/Scripts/TileScript.cs using Guid(f4ba222b2109948c18cfeb65d95ab828) Importer(815301076,1909f56bfc062723c751e8b465ee728b)  -> (artifact id: 'd95afdac8a9b6d2a40518abdcddec610') in 0.819749 seconds 
========================================================================
Received Import Request.
  Time since last request: 48.241516 seconds.
  path: Assets/Scripts/CoordinateLabeler.cs
  artifactKey: Guid(f4ba222b2109948c18cfeb65d95ab828) Importer(815301076,1909f56bfc062723c751e8b465ee728b)
Start importing Assets/Scripts/CoordinateLabeler.cs using Guid(f4ba222b2109948c18cfeb65d95ab828) Importer(815301076,1909f56bfc062723c751e8b465ee728b)  -> (artifact id: '847bc8c91cffde43192af1a72498a0b5') in 0.017996 seconds 
========================================================================
Received Prepare
Registering precompiled user dll's ...
Registered in 0.001847 seconds.
Begin MonoManager ReloadAssembly
Native extension for OSXStandalone target not found
Native extension for WebGL target not found
Refreshing native plugins compatible for Editor in 0.32 ms, found 2 plugins.
Preloading 0 native plugins for Editor in 0.00 ms.
2024-05-09 17:13:32.649 Unity[25529:1464267] NSEventModifierFlagFunction specified to -setKeyEquivalentModifierMask: for item <NSMenuItem: 0x7f9f804e24a0 Font Asset, ke='Command-F12'>, but is only supported for system-provided menu items; will not be used
Mono: successfully reloaded assembly
- Completed reload, in  4.022 seconds
Domain Reload Profiling:
	ReloadAssembly (4062ms)
		BeginReloadAssembly (1149ms)
			ExecutionOrderSort (0ms)
			DisableScriptedObjects (95ms)
			BackupInstance (0ms)
			ReleaseScriptingObjects (0ms)
			CreateAndSetChildDomain (590ms)
		EndReloadAssembly (2715ms)
			LoadAssemblies (625ms)
			RebuildTransferFunctionScriptingTraits (0ms)
			SetupTypeCache (1445ms)
			ReleaseScriptCaches (2ms)
			RebuildScriptCaches (105ms)
			SetupLoadedEditorAssemblies (554ms)
				LogAssemblyErrors (0ms)
				InitializePlatformSupportModulesInManaged (10ms)
				SetLoadedEditorAssemblies (1ms)
				RefreshPlugins (0ms)
				BeforeProcessingInitializeOnLoad (218ms)
				ProcessInitializeOnLoadAttributes (307ms)
				ProcessInitializeOnLoadMethodAttributes (14ms)
				AfterProcessingInitializeOnLoad (2ms)
				EditorAssembliesLoaded (0ms)
			ExecutionOrderSort2 (0ms)
			AwakeInstancesAfterBackupRestoration (4ms)
Platform modules already initialized, skipping
Refreshing native plugins compatible for Editor in 0.31 ms, found 2 plugins.
Preloading 0 native plugins for Editor in 0.00 ms.
Unloading 1326 Unused Serialized files (Serialized files now loaded: 0)
System memory in use before: 92.2 MB.
System memory in use after: 91.7 MB.

Unloading 25 unused Assets to reduce memory usage. Loaded Objects now: 1849.
Total: 8.464389 ms (FindLiveObjects: 0.552701 ms CreateObjectMapping: 0.126050 ms MarkObjects: 7.329960 ms  DeleteObjects: 0.453102 ms)

AssetImportParameters requested are different than current active one (requested -> active):
  custom:video-decoder-ogg-theora: a1e56fd34408186e4bbccfd4996cb3dc -> 
  custom:container-muxer-webm: aa71ff27fc2769a1b78a27578f13a17b -> 
  custom:container-demuxer-webm: 4f35f7cbe854078d1ac9338744f61a02 -> 
  custom:container-demuxer-ogg: 62fdf1f143b41e24485cea50d1cbac27 -> 
  custom:video-encoder-webm-vp8: eb34c28f22e8b96e1ab97ce403110664 -> 
  custom:framework-osx-AVFoundation: e770b220cccbd017edd2c1fefb359320 -> 
  custom:video-decoder-webm-vp8: 9c59270c3fd7afecdb556c50c9e8de78 -> 
  custom:audio-decoder-ogg-vorbis: bf7c407c2cedff20999df2af8eb42d56 -> 
  custom:audio-encoder-webm-vorbis: bf7c407c2cedff20999df2af8eb42d56 -> 
========================================================================
Received Prepare
Registering precompiled user dll's ...
Registered in 0.001575 seconds.
Begin MonoManager ReloadAssembly
Native extension for OSXStandalone target not found
Native extension for WebGL target not found
Refreshing native plugins compatible for Editor in 0.31 ms, found 2 plugins.
Preloading 0 native plugins for Editor in 0.00 ms.
2024-05-09 17:16:51.996 Unity[25529:1464267] NSEventModifierFlagFunction specified to -setKeyEquivalentModifierMask: for item <NSMenuItem: 0x7f9f81994880 Font Asset, ke='Command-F12'>, but is only supported for system-provided menu items; will not be used
Mono: successfully reloaded assembly
- Completed reload, in  1.700 seconds
Domain Reload Profiling:
	ReloadAssembly (1702ms)
		BeginReloadAssembly (422ms)
			ExecutionOrderSort (0ms)
			DisableScriptedObjects (15ms)
			BackupInstance (0ms)
			ReleaseScriptingObjects (0ms)
			CreateAndSetChildDomain (188ms)
		EndReloadAssembly (1123ms)
			LoadAssemblies (243ms)
			RebuildTransferFunctionScriptingTraits (0ms)
			SetupTypeCache (423ms)
			ReleaseScriptCaches (1ms)
			RebuildScriptCaches (56ms)
			SetupLoadedEditorAssemblies (387ms)
				LogAssemblyErrors (0ms)
				InitializePlatformSupportModulesInManaged (6ms)
				SetLoadedEditorAssemblies (1ms)
				RefreshPlugins (0ms)
				BeforeProcessingInitializeOnLoad (133ms)
				ProcessInitializeOnLoadAttributes (235ms)
				ProcessInitializeOnLoadMethodAttributes (11ms)
				AfterProcessingInitializeOnLoad (1ms)
				EditorAssembliesLoaded (0ms)
			ExecutionOrderSort2 (0ms)
			AwakeInstancesAfterBackupRestoration (2ms)
Platform modules already initialized, skipping
Refreshing native plugins compatible for Editor in 0.50 ms, found 2 plugins.
Preloading 0 native plugins for Editor in 0.00 ms.
Unloading 1326 Unused Serialized files (Serialized files now loaded: 0)
System memory in use before: 92.2 MB.
System memory in use after: 91.7 MB.

Unloading 24 unused Assets to reduce memory usage. Loaded Objects now: 1852.
Total: 7.161246 ms (FindLiveObjects: 0.264059 ms CreateObjectMapping: 0.096181 ms MarkObjects: 4.197912 ms  DeleteObjects: 2.600793 ms)

AssetImportParameters requested are different than current active one (requested -> active):
  custom:video-decoder-ogg-theora: a1e56fd34408186e4bbccfd4996cb3dc -> 
  custom:container-muxer-webm: aa71ff27fc2769a1b78a27578f13a17b -> 
  custom:container-demuxer-webm: 4f35f7cbe854078d1ac9338744f61a02 -> 
  custom:container-demuxer-ogg: 62fdf1f143b41e24485cea50d1cbac27 -> 
  custom:video-encoder-webm-vp8: eb34c28f22e8b96e1ab97ce403110664 -> 
  custom:framework-osx-AVFoundation: e770b220cccbd017edd2c1fefb359320 -> 
  custom:video-decoder-webm-vp8: 9c59270c3fd7afecdb556c50c9e8de78 -> 
  custom:audio-decoder-ogg-vorbis: bf7c407c2cedff20999df2af8eb42d56 -> 
  custom:audio-encoder-webm-vorbis: bf7c407c2cedff20999df2af8eb42d56 -> 
========================================================================
Received Import Request.
  Time since last request: 238.416375 seconds.
  path: Assets/Prefabs/Tile.prefab
  artifactKey: Guid(6f781c2fb6aa34ef08d3eba42a35c8f2) Importer(815301076,1909f56bfc062723c751e8b465ee728b)
Start importing Assets/Prefabs/Tile.prefab using Guid(6f781c2fb6aa34ef08d3eba42a35c8f2) Importer(815301076,1909f56bfc062723c751e8b465ee728b)  -> (artifact id: '74e4733aaadb2db1c77e8fcc1c49b61d') in 0.308596 seconds 
========================================================================
Received Prepare
Registering precompiled user dll's ...
Registered in 0.001622 seconds.
Begin MonoManager ReloadAssembly
Native extension for OSXStandalone target not found
Native extension for WebGL target not found
Refreshing native plugins compatible for Editor in 0.31 ms, found 2 plugins.
Preloading 0 native plugins for Editor in 0.00 ms.
2024-05-09 17:19:43.337 Unity[25529:1464267] NSEventModifierFlagFunction specified to -setKeyEquivalentModifierMask: for item <NSMenuItem: 0x7f9f7e176160 Font Asset, ke='Command-F12'>, but is only supported for system-provided menu items; will not be used
Mono: successfully reloaded assembly
- Completed reload, in  1.579 seconds
Domain Reload Profiling:
	ReloadAssembly (1601ms)
		BeginReloadAssembly (442ms)
			ExecutionOrderSort (0ms)
			DisableScriptedObjects (18ms)
			BackupInstance (0ms)
			ReleaseScriptingObjects (0ms)
			CreateAndSetChildDomain (289ms)
		EndReloadAssembly (1081ms)
			LoadAssemblies (119ms)
			RebuildTransferFunctionScriptingTraits (0ms)
			SetupTypeCache (378ms)
			ReleaseScriptCaches (1ms)
			RebuildScriptCaches (56ms)
			SetupLoadedEditorAssemblies (406ms)
				LogAssemblyErrors (0ms)
				InitializePlatformSupportModulesInManaged (7ms)
				SetLoadedEditorAssemblies (1ms)
				RefreshPlugins (0ms)
				BeforeProcessingInitializeOnLoad (123ms)
				ProcessInitializeOnLoadAttributes (261ms)
				ProcessInitializeOnLoadMethodAttributes (12ms)
				AfterProcessingInitializeOnLoad (1ms)
				EditorAssembliesLoaded (0ms)
			ExecutionOrderSort2 (0ms)
			AwakeInstancesAfterBackupRestoration (2ms)
Platform modules already initialized, skipping
Refreshing native plugins compatible for Editor in 0.39 ms, found 2 plugins.
Preloading 0 native plugins for Editor in 0.00 ms.
Unloading 1326 Unused Serialized files (Serialized files now loaded: 0)
System memory in use before: 92.2 MB.
System memory in use after: 91.7 MB.

Unloading 24 unused Assets to reduce memory usage. Loaded Objects now: 1856.
Total: 4.130924 ms (FindLiveObjects: 0.309093 ms CreateObjectMapping: 0.256611 ms MarkObjects: 3.032399 ms  DeleteObjects: 0.531682 ms)

AssetImportParameters requested are different than current active one (requested -> active):
  custom:video-decoder-ogg-theora: a1e56fd34408186e4bbccfd4996cb3dc -> 
  custom:container-muxer-webm: aa71ff27fc2769a1b78a27578f13a17b -> 
  custom:container-demuxer-webm: 4f35f7cbe854078d1ac9338744f61a02 -> 
  custom:container-demuxer-ogg: 62fdf1f143b41e24485cea50d1cbac27 -> 
  custom:video-encoder-webm-vp8: eb34c28f22e8b96e1ab97ce403110664 -> 
  custom:framework-osx-AVFoundation: e770b220cccbd017edd2c1fefb359320 -> 
  custom:video-decoder-webm-vp8: 9c59270c3fd7afecdb556c50c9e8de78 -> 
  custom:audio-decoder-ogg-vorbis: bf7c407c2cedff20999df2af8eb42d56 -> 
  custom:audio-encoder-webm-vorbis: bf7c407c2cedff20999df2af8eb42d56 -> 
========================================================================
Received Import Request.
  Time since last request: 177.128775 seconds.
  path: Assets/Prefabs/Tile.prefab
  artifactKey: Guid(6f781c2fb6aa34ef08d3eba42a35c8f2) Importer(815301076,1909f56bfc062723c751e8b465ee728b)
Start importing Assets/Prefabs/Tile.prefab using Guid(6f781c2fb6aa34ef08d3eba42a35c8f2) Importer(815301076,1909f56bfc062723c751e8b465ee728b)  -> (artifact id: '2ad9509e5a0a0932710d20531aaecfed') in 0.206793 seconds 
========================================================================
Received Import Request.
  Time since last request: 11.176430 seconds.
  path: Assets/Prefabs/Tile.prefab
  artifactKey: Guid(6f781c2fb6aa34ef08d3eba42a35c8f2) Importer(815301076,1909f56bfc062723c751e8b465ee728b)
Start importing Assets/Prefabs/Tile.prefab using Guid(6f781c2fb6aa34ef08d3eba42a35c8f2) Importer(815301076,1909f56bfc062723c751e8b465ee728b)  -> (artifact id: 'cdfae87d20c421d5113faa51b0c6f9f2') in 0.051339 seconds 
========================================================================
Received Import Request.
  Time since last request: 31.417944 seconds.
  path: Assets/Prefabs/Tile.prefab
  artifactKey: Guid(6f781c2fb6aa34ef08d3eba42a35c8f2) Importer(815301076,1909f56bfc062723c751e8b465ee728b)
Start importing Assets/Prefabs/Tile.prefab using Guid(6f781c2fb6aa34ef08d3eba42a35c8f2) Importer(815301076,1909f56bfc062723c751e8b465ee728b)  -> (artifact id: '129dbabf06840f6488ea260130e4b185') in 0.055113 seconds 
========================================================================
Received Import Request.
  Time since last request: 3.116524 seconds.
  path: Assets/Prefabs/Tile.prefab
  artifactKey: Guid(6f781c2fb6aa34ef08d3eba42a35c8f2) Importer(815301076,1909f56bfc062723c751e8b465ee728b)
Start importing Assets/Prefabs/Tile.prefab using Guid(6f781c2fb6aa34ef08d3eba42a35c8f2) Importer(815301076,1909f56bfc062723c751e8b465ee728b)  -> (artifact id: '1e3dd481581f14b8db9ac0366daa4284') in 0.037112 seconds 
========================================================================
Received Import Request.
  Time since last request: 124.067947 seconds.
  path: Assets/Prefabs/Tile.prefab
  artifactKey: Guid(6f781c2fb6aa34ef08d3eba42a35c8f2) Importer(815301076,1909f56bfc062723c751e8b465ee728b)
Start importing Assets/Prefabs/Tile.prefab using Guid(6f781c2fb6aa34ef08d3eba42a35c8f2) Importer(815301076,1909f56bfc062723c751e8b465ee728b)  -> (artifact id: '1c172faf0ef9babad4fbd3fd772731cb') in 0.066547 seconds 
